2020-12-04 16:46:03 -- Scraping for new daily muncipalilty data
2020-12-04 16:46:21 -- Data is updated! Writing to file.
2020-12-05 16:39:11 -- Starting scrape for new daily muncipalilty data
2020-12-05 16:39:14 -- No new data. Waiting 1 hour to scrape again.
2020-12-05 17:43:41 -- No new data. Waiting 1 hour to scrape again.
2020-12-05 18:45:20 -- No new data. Waiting 1 hour to scrape again.
2020-12-05 19:48:57 -- No new data. Waiting 1 hour to scrape again.
2020-12-05 20:52:13 -- No new data. Waiting 1 hour to scrape again.
2020-12-05 21:53:18 -- No new data. Waiting 1 hour to scrape again.
2020-12-06 16:00:05 -- Starting scrape for new daily muncipalilty data
2020-12-06 16:00:06 -- No new data. Waiting 1 hour to scrape again.
2020-12-06 17:00:58 -- No new data. Waiting 1 hour to scrape again.
2020-12-06 18:01:49 -- No new data. Waiting 1 hour to scrape again.
2020-12-06 19:02:49 -- No new data. Waiting 1 hour to scrape again.
2020-12-07 16:00:09 -- Starting scrape for new daily muncipalilty data
2020-12-07 16:00:24 -- Data is updated! Writing to file.
2020-12-07 16:00:24 -- Finsished scrape for new daily muncipalilty data
2020-12-08 16:00:08 -- Starting scrape for new daily muncipalilty data
2020-12-08 16:00:24 -- Data is updated! Writing to file.
2020-12-08 16:00:24 -- Finsished scrape for new daily muncipalilty data
